<?xml version='1.0' encoding='utf-8'?>
<testsuites name="seat_heating_control_conver" tests="3" errors="0" failures="0" skipped="0" timestamp="2025-01-30T08:13:01.608519" time="18"><testsuite name="Requirements-based Tests SIL" tests="1" errors="0" failures="0" skipped="0"><testcase name="tc1" /></testsuite><testsuite name="Requirements-based Tests SL MIL" tests="2" errors="0" failures="0" skipped="0"><testcase name="tc1" /></testsuite><testsuite name="B2B Test SL MIL vs. SIL" tests="1"><testcase name="B2B Test SL MIL vs. SIL" /></testsuite></testsuites>