<?xml version='1.0' encoding='utf-8'?>
<testsuites name="seat_heating_control_conver" tests="5" errors="0" failures="0" skipped="0" timestamp="2025-01-30T09:44:19.405220" time="18"><testsuite name="Requirements-based Tests SIL" tests="2" errors="0" failures="0" skipped="0"><testcase name="TestCase1" /><testcase name="TestCase2" /></testsuite><testsuite name="Requirements-based Tests SL MIL" tests="4" errors="0" failures="0" skipped="0"><testcase name="TestCase1" /><testcase name="TestCase2" /></testsuite><testsuite name="B2B Test SL MIL vs. SIL" tests="1"><testcase name="B2B Test SL MIL vs. SIL" /></testsuite></testsuites>