<?xml version='1.0' encoding='utf-8'?>
<testsuites name="seat_heating_control_conver" tests="11" errors="0" failures="0" skipped="0" timestamp="2025-01-29T23:58:08.649946" time="20"><testsuite name="Requirements-based Tests SIL" tests="5" errors="0" failures="0" skipped="0"><testcase name="activation_sequence" /><testcase name="full_cycle" /><testcase name="stage_1" /><testcase name="stage_2" /><testcase name="stage_3" /></testsuite><testsuite name="Requirements-based Tests SL MIL" tests="10" errors="0" failures="0" skipped="0"><testcase name="activation_sequence" /><testcase name="full_cycle" /><testcase name="stage_1" /><testcase name="stage_2" /><testcase name="stage_3" /></testsuite><testsuite name="B2B Test SL MIL vs. SIL" tests="1"><testcase name="B2B Test SL MIL vs. SIL" /></testsuite></testsuites>